c2sp1s1	0
c2sp1s10	3
c2sp1s100	2
c2sp1s101	0
c2sp1s102	2
c2sp1s103	2
c2sp1s104	2
c2sp1s105	2
c2sp1s106	2
c2sp1s107	2
c2sp1s108	2
c2sp1s109	2
c2sp1s11	3
c2sp1s110	2
c2sp1s111	2
c2sp1s112	0
c2sp1s113	0
c2sp1s114	2
c2sp1s115	2
c2sp1s116	2
c2sp1s117	2
c2sp1s118	2
c2sp1s119	2
c2sp1s12	3
c2sp1s120	2
c2sp1s121	2
c2sp1s122	2
c2sp1s123	2
c2sp1s124	0
c2sp1s125	2
c2sp1s126	2
c2sp1s127	2
c2sp1s128	2
c2sp1s129	2
c2sp1s13	0
c2sp1s130	2
c2sp1s131	2
c2sp1s132	2
c2sp1s133	2
c2sp1s134	2
c2sp1s135	0
c2sp1s136	2
c2sp1s137	2
c2sp1s138	2
c2sp1s139	2
c2sp1s14	3
c2sp1s140	2
c2sp1s141	2
c2sp1s142	2
c2sp1s143	2
c2sp1s144	2
c2sp1s145	2
c2sp1s146	0
c2sp1s147	2
c2sp1s148	2
c2sp1s149	1
c2sp1s15	3
c2sp1s150	1
c2sp1s151	1
c2sp1s152	1
c2sp1s153	1
c2sp1s154	1
c2sp1s155	1
c2sp1s156	1
c2sp1s157	0
c2sp1s158	1
c2sp1s159	1
c2sp1s16	3
c2sp1s160	1
c2sp1s161	1
c2sp1s162	1
c2sp1s163	1
c2sp1s164	1
c2sp1s165	1
c2sp1s166	1
c2sp1s167	1
c2sp1s168	0
c2sp1s169	1
c2sp1s17	3
c2sp1s170	1
c2sp1s171	1
c2sp1s172	1
c2sp1s173	1
c2sp1s174	1
c2sp1s175	1
c2sp1s176	1
c2sp1s177	1
c2sp1s178	1
c2sp1s179	0
c2sp1s18	3
c2sp1s180	1
c2sp1s181	1
c2sp1s182	1
c2sp1s183	1
c2sp1s184	1
c2sp1s185	1
c2sp1s186	1
c2sp1s187	1
c2sp1s188	1
c2sp1s189	1
c2sp1s19	3
c2sp1s190	0
c2sp1s191	1
c2sp1s192	1
c2sp1s193	1
c2sp1s194	1
c2sp1s195	1
c2sp1s196	1
c2sp1s197	1
c2sp1s198	1
c2sp1s199	1
c2sp1s2	0
c2sp1s20	3
c2sp1s200	1
c2sp1s201	0
c2sp1s202	1
c2sp1s203	1
c2sp1s204	1
c2sp1s205	1
c2sp1s206	1
c2sp1s207	1
c2sp1s208	1
c2sp1s209	1
c2sp1s21	3
c2sp1s210	1
c2sp1s211	1
c2sp1s212	0
c2sp1s213	1
c2sp1s214	4
c2sp1s215	4
c2sp1s216	4
c2sp1s217	4
c2sp1s218	4
c2sp1s219	4
c2sp1s22	3
c2sp1s220	4
c2sp1s221	4
c2sp1s222	4
c2sp1s223	0
c2sp1s224	0
c2sp1s225	4
c2sp1s226	4
c2sp1s227	4
c2sp1s228	4
c2sp1s229	4
c2sp1s23	3
c2sp1s230	4
c2sp1s231	4
c2sp1s232	4
c2sp1s233	4
c2sp1s234	4
c2sp1s235	0
c2sp1s236	4
c2sp1s237	4
c2sp1s238	4
c2sp1s239	4
c2sp1s24	0
c2sp1s240	4
c2sp1s241	4
c2sp1s242	4
c2sp1s243	4
c2sp1s244	4
c2sp1s245	4
c2sp1s246	0
c2sp1s247	4
c2sp1s248	4
c2sp1s249	4
c2sp1s25	3
c2sp1s250	4
c2sp1s251	4
c2sp1s252	4
c2sp1s253	4
c2sp1s254	4
c2sp1s255	4
c2sp1s256	4
c2sp1s257	0
c2sp1s258	4
c2sp1s259	4
c2sp1s26	3
c2sp1s260	4
c2sp1s261	4
c2sp1s262	4
c2sp1s263	4
c2sp1s264	4
c2sp1s265	4
c2sp1s266	4
c2sp1s267	4
c2sp1s268	0
c2sp1s269	4
c2sp1s27	3
c2sp1s270	4
c2sp1s271	4
c2sp1s272	4
c2sp1s273	4
c2sp1s274	4
c2sp1s275	4
c2sp1s276	4
c2sp1s277	4
c2sp1s278	4
c2sp1s279	0
c2sp1s28	3
c2sp1s280	4
c2sp1s281	4
c2sp1s282	4
c2sp1s283	4
c2sp1s284	4
c2sp1s285	4
c2sp1s286	0
c2sp1s287	0
c2sp1s288	0
c2sp1s289	0
c2sp1s29	3
c2sp1s290	0
c2sp1s291	0
c2sp1s292	0
c2sp1s293	0
c2sp1s294	0
c2sp1s295	0
c2sp1s296	0
c2sp1s297	0
c2sp1s298	0
c2sp1s299	0
c2sp1s3	0
c2sp1s30	3
c2sp1s300	0
c2sp1s301	0
c2sp1s302	0
c2sp1s303	0
c2sp1s304	0
c2sp1s305	0
c2sp1s306	0
c2sp1s307	0
c2sp1s308	0
c2sp1s309	0
c2sp1s31	3
c2sp1s310	0
c2sp1s311	0
c2sp1s312	0
c2sp1s313	0
c2sp1s314	0
c2sp1s315	0
c2sp1s316	0
c2sp1s317	0
c2sp1s318	0
c2sp1s319	0
c2sp1s32	3
c2sp1s320	0
c2sp1s321	0
c2sp1s322	0
c2sp1s323	0
c2sp1s324	0
c2sp1s325	0
c2sp1s326	0
c2sp1s327	0
c2sp1s328	0
c2sp1s329	0
c2sp1s33	3
c2sp1s330	0
c2sp1s331	0
c2sp1s332	0
c2sp1s333	0
c2sp1s334	0
c2sp1s335	0
c2sp1s336	0
c2sp1s337	0
c2sp1s338	0
c2sp1s339	0
c2sp1s34	3
c2sp1s340	0
c2sp1s341	0
c2sp1s342	0
c2sp1s343	0
c2sp1s344	0
c2sp1s345	0
c2sp1s346	0
c2sp1s347	0
c2sp1s348	0
c2sp1s349	0
c2sp1s35	0
c2sp1s350	0
c2sp1s351	0
c2sp1s352	0
c2sp1s353	0
c2sp1s354	0
c2sp1s355	0
c2sp1s356	0
c2sp1s357	0
c2sp1s358	0
c2sp1s359	0
c2sp1s36	3
c2sp1s360	0
c2sp1s361	0
c2sp1s362	0
c2sp1s363	0
c2sp1s364	0
c2sp1s365	3
c2sp1s366	3
c2sp1s367	3
c2sp1s368	0
c2sp1s369	3
c2sp1s37	3
c2sp1s370	3
c2sp1s371	3
c2sp1s372	3
c2sp1s373	3
c2sp1s374	3
c2sp1s375	3
c2sp1s376	3
c2sp1s377	3
c2sp1s378	3
c2sp1s379	0
c2sp1s38	3
c2sp1s380	3
c2sp1s381	3
c2sp1s382	3
c2sp1s383	3
c2sp1s384	3
c2sp1s385	3
c2sp1s386	3
c2sp1s387	3
c2sp1s388	3
c2sp1s389	3
c2sp1s39	3
c2sp1s390	0
c2sp1s391	3
c2sp1s392	3
c2sp1s393	3
c2sp1s394	3
c2sp1s395	3
c2sp1s396	3
c2sp1s397	3
c2sp1s398	3
c2sp1s399	3
c2sp1s4	0
c2sp1s40	3
c2sp1s400	3
c2sp1s401	0
c2sp1s402	3
c2sp1s403	3
c2sp1s404	3
c2sp1s405	3
c2sp1s406	3
c2sp1s407	3
c2sp1s408	3
c2sp1s409	3
c2sp1s41	3
c2sp1s410	3
c2sp1s411	3
c2sp1s412	0
c2sp1s413	3
c2sp1s414	3
c2sp1s415	3
c2sp1s416	3
c2sp1s417	3
c2sp1s418	3
c2sp1s419	3
c2sp1s42	3
c2sp1s420	3
c2sp1s421	3
c2sp1s422	3
c2sp1s423	0
c2sp1s424	3
c2sp1s425	3
c2sp1s426	3
c2sp1s427	3
c2sp1s428	3
c2sp1s429	3
c2sp1s43	3
c2sp1s430	3
c2sp1s431	3
c2sp1s432	3
c2sp1s433	3
c2sp1s434	0
c2sp1s435	3
c2sp1s436	3
c2sp1s437	3
c2sp1s438	3
c2sp1s439	3
c2sp1s44	3
c2sp1s440	3
c2sp1s441	3
c2sp1s442	3
c2sp1s443	3
c2sp1s444	3
c2sp1s445	0
c2sp1s446	0
c2sp1s447	3
c2sp1s448	0
c2sp1s449	0
c2sp1s45	3
c2sp1s450	0
c2sp1s451	0
c2sp1s452	0
c2sp1s453	0
c2sp1s454	0
c2sp1s455	0
c2sp1s456	0
c2sp1s457	0
c2sp1s458	0
c2sp1s459	0
c2sp1s46	0
c2sp1s460	0
c2sp1s461	0
c2sp1s462	0
c2sp1s463	0
c2sp1s464	0
c2sp1s465	0
c2sp1s466	0
c2sp1s467	0
c2sp1s468	0
c2sp1s469	0
c2sp1s47	3
c2sp1s470	0
c2sp1s471	0
c2sp1s472	0
c2sp1s473	0
c2sp1s474	0
c2sp1s475	0
c2sp1s476	0
c2sp1s477	0
c2sp1s478	0
c2sp1s479	0
c2sp1s48	3
c2sp1s480	0
c2sp1s481	0
c2sp1s482	0
c2sp1s483	0
c2sp1s484	0
c2sp1s485	0
c2sp1s486	0
c2sp1s487	0
c2sp1s488	0
c2sp1s489	0
c2sp1s49	3
c2sp1s490	0
c2sp1s491	0
c2sp1s492	0
c2sp1s493	0
c2sp1s494	0
c2sp1s495	0
c2sp1s496	0
c2sp1s497	0
c2sp1s498	0
c2sp1s499	0
c2sp1s5	0
c2sp1s50	3
c2sp1s500	0
c2sp1s51	3
c2sp1s52	3
c2sp1s53	3
c2sp1s54	3
c2sp1s55	3
c2sp1s56	3
c2sp1s57	0
c2sp1s58	3
c2sp1s59	3
c2sp1s6	0
c2sp1s60	3
c2sp1s61	3
c2sp1s62	3
c2sp1s63	3
c2sp1s64	3
c2sp1s65	3
c2sp1s66	3
c2sp1s67	3
c2sp1s68	0
c2sp1s69	2
c2sp1s7	3
c2sp1s70	2
c2sp1s71	2
c2sp1s72	2
c2sp1s73	2
c2sp1s74	2
c2sp1s75	2
c2sp1s76	2
c2sp1s77	2
c2sp1s78	2
c2sp1s79	0
c2sp1s8	3
c2sp1s80	2
c2sp1s81	2
c2sp1s82	2
c2sp1s83	2
c2sp1s84	2
c2sp1s85	2
c2sp1s86	2
c2sp1s87	2
c2sp1s88	2
c2sp1s89	2
c2sp1s9	3
c2sp1s90	0
c2sp1s91	2
c2sp1s92	2
c2sp1s93	2
c2sp1s94	2
c2sp1s95	2
c2sp1s96	2
c2sp1s97	2
c2sp1s98	2
c2sp1s99	2
c2sp2s1000	4
c2sp2s501	4
c2sp2s502	2
c2sp2s503	2
c2sp2s504	2
c2sp2s505	2
c2sp2s506	2
c2sp2s507	2
c2sp2s508	2
c2sp2s509	2
c2sp2s510	2
c2sp2s511	2
c2sp2s512	2
c2sp2s513	2
c2sp2s514	2
c2sp2s515	2
c2sp2s516	2
c2sp2s517	2
c2sp2s518	2
c2sp2s519	2
c2sp2s520	2
c2sp2s521	2
c2sp2s522	2
c2sp2s523	2
c2sp2s524	2
c2sp2s525	2
c2sp2s526	2
c2sp2s527	2
c2sp2s528	2
c2sp2s529	2
c2sp2s530	2
c2sp2s531	2
c2sp2s532	2
c2sp2s533	2
c2sp2s534	2
c2sp2s535	2
c2sp2s536	2
c2sp2s537	2
c2sp2s538	2
c2sp2s539	2
c2sp2s540	2
c2sp2s541	2
c2sp2s542	2
c2sp2s543	2
c2sp2s544	2
c2sp2s545	2
c2sp2s546	2
c2sp2s547	2
c2sp2s548	2
c2sp2s549	2
c2sp2s550	2
c2sp2s551	2
c2sp2s552	2
c2sp2s553	2
c2sp2s554	2
c2sp2s555	2
c2sp2s556	2
c2sp2s557	2
c2sp2s558	2
c2sp2s559	2
c2sp2s560	2
c2sp2s561	2
c2sp2s562	2
c2sp2s563	2
c2sp2s564	2
c2sp2s565	2
c2sp2s566	2
c2sp2s567	2
c2sp2s568	2
c2sp2s569	2
c2sp2s570	2
c2sp2s571	2
c2sp2s572	2
c2sp2s573	1
c2sp2s574	1
c2sp2s575	1
c2sp2s576	1
c2sp2s577	1
c2sp2s578	1
c2sp2s579	1
c2sp2s580	1
c2sp2s581	1
c2sp2s582	1
c2sp2s583	1
c2sp2s584	1
c2sp2s585	1
c2sp2s586	1
c2sp2s587	1
c2sp2s588	1
c2sp2s589	1
c2sp2s590	1
c2sp2s591	1
c2sp2s592	1
c2sp2s593	1
c2sp2s594	1
c2sp2s595	1
c2sp2s596	1
c2sp2s597	1
c2sp2s598	1
c2sp2s599	1
c2sp2s600	1
c2sp2s601	1
c2sp2s602	1
c2sp2s603	1
c2sp2s604	1
c2sp2s605	1
c2sp2s606	1
c2sp2s607	1
c2sp2s608	1
c2sp2s609	1
c2sp2s610	1
c2sp2s611	1
c2sp2s612	1
c2sp2s613	1
c2sp2s614	1
c2sp2s615	1
c2sp2s616	1
c2sp2s617	1
c2sp2s618	1
c2sp2s619	1
c2sp2s620	1
c2sp2s621	1
c2sp2s622	1
c2sp2s623	1
c2sp2s624	1
c2sp2s625	1
c2sp2s626	1
c2sp2s627	1
c2sp2s628	4
c2sp2s629	4
c2sp2s630	4
c2sp2s631	4
c2sp2s632	4
c2sp2s633	4
c2sp2s634	4
c2sp2s635	4
c2sp2s636	4
c2sp2s637	4
c2sp2s638	4
c2sp2s639	4
c2sp2s640	4
c2sp2s641	4
c2sp2s642	4
c2sp2s643	4
c2sp2s644	4
c2sp2s645	4
c2sp2s646	4
c2sp2s647	4
c2sp2s648	4
c2sp2s649	4
c2sp2s650	4
c2sp2s651	4
c2sp2s652	4
c2sp2s653	4
c2sp2s654	4
c2sp2s655	4
c2sp2s656	4
c2sp2s657	4
c2sp2s658	4
c2sp2s659	4
c2sp2s660	4
c2sp2s661	4
c2sp2s662	4
c2sp2s663	4
c2sp2s664	4
c2sp2s665	4
c2sp2s666	4
c2sp2s667	4
c2sp2s668	4
c2sp2s669	4
c2sp2s670	4
c2sp2s671	4
c2sp2s672	4
c2sp2s673	4
c2sp2s674	4
c2sp2s675	4
c2sp2s676	4
c2sp2s677	4
c2sp2s678	4
c2sp2s679	4
c2sp2s680	4
c2sp2s681	4
c2sp2s682	4
c2sp2s683	4
c2sp2s684	4
c2sp2s685	4
c2sp2s686	0
c2sp2s687	0
c2sp2s688	0
c2sp2s689	0
c2sp2s690	0
c2sp2s691	0
c2sp2s692	0
c2sp2s693	0
c2sp2s694	0
c2sp2s695	0
c2sp2s696	0
c2sp2s697	0
c2sp2s698	0
c2sp2s699	0
c2sp2s700	0
c2sp2s701	0
c2sp2s702	0
c2sp2s703	0
c2sp2s704	0
c2sp2s705	0
c2sp2s706	0
c2sp2s707	0
c2sp2s708	0
c2sp2s709	0
c2sp2s710	0
c2sp2s711	0
c2sp2s712	0
c2sp2s713	0
c2sp2s714	0
c2sp2s715	0
c2sp2s716	0
c2sp2s717	0
c2sp2s718	0
c2sp2s719	0
c2sp2s720	0
c2sp2s721	0
c2sp2s722	0
c2sp2s723	0
c2sp2s724	0
c2sp2s725	0
c2sp2s726	0
c2sp2s727	0
c2sp2s728	0
c2sp2s729	0
c2sp2s730	0
c2sp2s731	0
c2sp2s732	0
c2sp2s733	0
c2sp2s734	0
c2sp2s735	0
c2sp2s736	0
c2sp2s737	0
c2sp2s738	0
c2sp2s739	0
c2sp2s740	0
c2sp2s741	0
c2sp2s742	0
c2sp2s743	0
c2sp2s744	0
c2sp2s745	0
c2sp2s746	0
c2sp2s747	0
c2sp2s748	0
c2sp2s749	0
c2sp2s750	0
c2sp2s751	0
c2sp2s752	0
c2sp2s753	0
c2sp2s754	0
c2sp2s755	0
c2sp2s756	0
c2sp2s757	0
c2sp2s758	0
c2sp2s759	0
c2sp2s760	0
c2sp2s761	0
c2sp2s762	0
c2sp2s763	0
c2sp2s764	0
c2sp2s765	3
c2sp2s766	3
c2sp2s767	3
c2sp2s768	3
c2sp2s769	3
c2sp2s770	3
c2sp2s771	3
c2sp2s772	3
c2sp2s773	3
c2sp2s774	3
c2sp2s775	3
c2sp2s776	3
c2sp2s777	3
c2sp2s778	3
c2sp2s779	3
c2sp2s780	3
c2sp2s781	3
c2sp2s782	3
c2sp2s783	3
c2sp2s784	3
c2sp2s785	3
c2sp2s786	3
c2sp2s787	3
c2sp2s788	3
c2sp2s789	3
c2sp2s790	3
c2sp2s791	3
c2sp2s792	3
c2sp2s793	3
c2sp2s794	3
c2sp2s795	3
c2sp2s796	3
c2sp2s797	3
c2sp2s798	3
c2sp2s799	3
c2sp2s800	3
c2sp2s801	3
c2sp2s802	3
c2sp2s803	3
c2sp2s804	3
c2sp2s805	3
c2sp2s806	3
c2sp2s807	3
c2sp2s808	3
c2sp2s809	3
c2sp2s810	3
c2sp2s811	3
c2sp2s812	3
c2sp2s813	3
c2sp2s814	3
c2sp2s815	3
c2sp2s816	3
c2sp2s817	3
c2sp2s818	3
c2sp2s819	3
c2sp2s820	3
c2sp2s821	3
c2sp2s822	3
c2sp2s823	3
c2sp2s824	3
c2sp2s825	3
c2sp2s826	3
c2sp2s827	3
c2sp2s828	3
c2sp2s829	3
c2sp2s830	3
c2sp2s831	3
c2sp2s832	3
c2sp2s833	3
c2sp2s834	2
c2sp2s835	2
c2sp2s836	2
c2sp2s837	2
c2sp2s838	2
c2sp2s839	2
c2sp2s840	2
c2sp2s841	2
c2sp2s842	2
c2sp2s843	2
c2sp2s844	2
c2sp2s845	2
c2sp2s846	2
c2sp2s847	2
c2sp2s848	2
c2sp2s849	2
c2sp2s850	2
c2sp2s851	2
c2sp2s852	2
c2sp2s853	2
c2sp2s854	2
c2sp2s855	2
c2sp2s856	2
c2sp2s857	2
c2sp2s858	2
c2sp2s859	2
c2sp2s860	2
c2sp2s861	2
c2sp2s862	2
c2sp2s863	2
c2sp2s864	2
c2sp2s865	2
c2sp2s866	2
c2sp2s867	2
c2sp2s868	2
c2sp2s869	2
c2sp2s870	2
c2sp2s871	2
c2sp2s872	2
c2sp2s873	2
c2sp2s874	2
c2sp2s875	2
c2sp2s876	2
c2sp2s877	2
c2sp2s878	2
c2sp2s879	2
c2sp2s880	2
c2sp2s881	2
c2sp2s882	2
c2sp2s883	2
c2sp2s884	2
c2sp2s885	2
c2sp2s886	2
c2sp2s887	2
c2sp2s888	2
c2sp2s889	2
c2sp2s890	2
c2sp2s891	2
c2sp2s892	2
c2sp2s893	2
c2sp2s894	2
c2sp2s895	2
c2sp2s896	2
c2sp2s897	1
c2sp2s898	1
c2sp2s899	1
c2sp2s900	1
c2sp2s901	1
c2sp2s902	1
c2sp2s903	1
c2sp2s904	1
c2sp2s905	1
c2sp2s906	1
c2sp2s907	1
c2sp2s908	1
c2sp2s909	1
c2sp2s910	1
c2sp2s911	1
c2sp2s912	1
c2sp2s913	1
c2sp2s914	1
c2sp2s915	1
c2sp2s916	1
c2sp2s917	1
c2sp2s918	1
c2sp2s919	1
c2sp2s920	1
c2sp2s921	1
c2sp2s922	1
c2sp2s923	1
c2sp2s924	1
c2sp2s925	1
c2sp2s926	1
c2sp2s927	1
c2sp2s928	1
c2sp2s929	1
c2sp2s930	1
c2sp2s931	1
c2sp2s932	1
c2sp2s933	1
c2sp2s934	1
c2sp2s935	1
c2sp2s936	1
c2sp2s937	1
c2sp2s938	1
c2sp2s939	1
c2sp2s940	1
c2sp2s941	1
c2sp2s942	1
c2sp2s943	1
c2sp2s944	1
c2sp2s945	1
c2sp2s946	1
c2sp2s947	1
c2sp2s948	1
c2sp2s949	1
c2sp2s950	1
c2sp2s951	1
c2sp2s952	1
c2sp2s953	1
c2sp2s954	1
c2sp2s955	1
c2sp2s956	1
c2sp2s957	1
c2sp2s958	4
c2sp2s959	4
c2sp2s960	4
c2sp2s961	4
c2sp2s962	4
c2sp2s963	4
c2sp2s964	4
c2sp2s965	4
c2sp2s966	4
c2sp2s967	4
c2sp2s968	4
c2sp2s969	4
c2sp2s970	4
c2sp2s971	4
c2sp2s972	4
c2sp2s973	4
c2sp2s974	4
c2sp2s975	4
c2sp2s976	4
c2sp2s977	4
c2sp2s978	4
c2sp2s979	4
c2sp2s980	4
c2sp2s981	4
c2sp2s982	4
c2sp2s983	4
c2sp2s984	4
c2sp2s985	4
c2sp2s986	4
c2sp2s987	4
c2sp2s988	4
c2sp2s989	4
c2sp2s990	4
c2sp2s991	4
c2sp2s992	4
c2sp2s993	4
c2sp2s994	4
c2sp2s995	4
c2sp2s996	4
c2sp2s997	4
c2sp2s998	4
c2sp2s999	4
