c2sp1s1 2
c2sp1s10 0
c2sp1s100 0
c2sp1s101 2
c2sp1s102 0
c2sp1s103 0
c2sp1s104 0
c2sp1s105 1
c2sp1s106 1
c2sp1s107 1
c2sp1s108 1
c2sp1s109 1
c2sp1s11 0
c2sp1s110 1
c2sp1s111 1
c2sp1s112 2
c2sp1s113 2
c2sp1s114 1
c2sp1s115 1
c2sp1s116 1
c2sp1s117 1
c2sp1s118 1
c2sp1s119 1
c2sp1s12 0
c2sp1s120 1
c2sp1s121 1
c2sp1s122 1
c2sp1s123 1
c2sp1s124 2
c2sp1s125 1
c2sp1s126 1
c2sp1s127 1
c2sp1s128 1
c2sp1s129 1
c2sp1s13 2
c2sp1s130 1
c2sp1s131 1
c2sp1s132 1
c2sp1s133 1
c2sp1s134 1
c2sp1s135 2
c2sp1s136 1
c2sp1s137 1
c2sp1s138 1
c2sp1s139 1
c2sp1s14 0
c2sp1s140 1
c2sp1s141 1
c2sp1s142 1
c2sp1s143 1
c2sp1s144 1
c2sp1s145 1
c2sp1s146 2
c2sp1s147 1
c2sp1s148 1
c2sp1s149 1
c2sp1s15 0
c2sp1s150 1
c2sp1s151 1
c2sp1s152 1
c2sp1s153 1
c2sp1s154 1
c2sp1s155 1
c2sp1s156 1
c2sp1s157 2
c2sp1s158 1
c2sp1s159 3
c2sp1s16 0
c2sp1s160 3
c2sp1s161 3
c2sp1s162 3
c2sp1s163 3
c2sp1s164 3
c2sp1s165 3
c2sp1s166 3
c2sp1s167 3
c2sp1s168 2
c2sp1s169 3
c2sp1s17 0
c2sp1s170 3
c2sp1s171 3
c2sp1s172 3
c2sp1s173 3
c2sp1s174 3
c2sp1s175 3
c2sp1s176 3
c2sp1s177 3
c2sp1s178 3
c2sp1s179 2
c2sp1s18 0
c2sp1s180 3
c2sp1s181 3
c2sp1s182 3
c2sp1s183 3
c2sp1s184 3
c2sp1s185 3
c2sp1s186 3
c2sp1s187 3
c2sp1s188 3
c2sp1s189 3
c2sp1s19 0
c2sp1s190 2
c2sp1s191 3
c2sp1s192 3
c2sp1s193 3
c2sp1s194 3
c2sp1s195 3
c2sp1s196 3
c2sp1s197 3
c2sp1s198 3
c2sp1s199 3
c2sp1s2 2
c2sp1s20 0
c2sp1s200 3
c2sp1s201 2
c2sp1s202 3
c2sp1s203 3
c2sp1s204 3
c2sp1s205 3
c2sp1s206 3
c2sp1s207 3
c2sp1s208 3
c2sp1s209 3
c2sp1s21 0
c2sp1s210 3
c2sp1s211 4
c2sp1s212 2
c2sp1s213 4
c2sp1s214 4
c2sp1s215 4
c2sp1s216 4
c2sp1s217 4
c2sp1s218 4
c2sp1s219 4
c2sp1s22 0
c2sp1s220 4
c2sp1s221 4
c2sp1s222 4
c2sp1s223 2
c2sp1s224 2
c2sp1s225 4
c2sp1s226 4
c2sp1s227 4
c2sp1s228 4
c2sp1s229 4
c2sp1s23 0
c2sp1s230 4
c2sp1s231 4
c2sp1s232 4
c2sp1s233 4
c2sp1s234 4
c2sp1s235 2
c2sp1s236 4
c2sp1s237 4
c2sp1s238 4
c2sp1s239 4
c2sp1s24 2
c2sp1s240 4
c2sp1s241 4
c2sp1s242 4
c2sp1s243 4
c2sp1s244 4
c2sp1s245 4
c2sp1s246 2
c2sp1s247 4
c2sp1s248 4
c2sp1s249 4
c2sp1s25 0
c2sp1s250 4
c2sp1s251 4
c2sp1s252 4
c2sp1s253 4
c2sp1s254 4
c2sp1s255 4
c2sp1s256 4
c2sp1s257 2
c2sp1s258 4
c2sp1s259 4
c2sp1s26 0
c2sp1s260 4
c2sp1s261 4
c2sp1s262 4
c2sp1s263 4
c2sp1s264 4
c2sp1s265 2
c2sp1s266 2
c2sp1s267 2
c2sp1s268 2
c2sp1s269 2
c2sp1s27 0
c2sp1s270 2
c2sp1s271 2
c2sp1s272 2
c2sp1s273 2
c2sp1s274 2
c2sp1s275 2
c2sp1s276 2
c2sp1s277 2
c2sp1s278 2
c2sp1s279 2
c2sp1s28 0
c2sp1s280 2
c2sp1s281 2
c2sp1s282 2
c2sp1s283 2
c2sp1s284 2
c2sp1s285 2
c2sp1s286 2
c2sp1s287 2
c2sp1s288 2
c2sp1s289 2
c2sp1s29 0
c2sp1s290 2
c2sp1s291 2
c2sp1s292 2
c2sp1s293 2
c2sp1s294 2
c2sp1s295 2
c2sp1s296 2
c2sp1s297 2
c2sp1s298 2
c2sp1s299 2
c2sp1s3 0
c2sp1s30 0
c2sp1s300 2
c2sp1s301 2
c2sp1s302 2
c2sp1s303 2
c2sp1s304 2
c2sp1s305 2
c2sp1s306 2
c2sp1s307 2
c2sp1s308 2
c2sp1s309 2
c2sp1s31 0
c2sp1s310 2
c2sp1s311 2
c2sp1s312 2
c2sp1s313 2
c2sp1s314 2
c2sp1s315 2
c2sp1s316 2
c2sp1s317 2
c2sp1s318 2
c2sp1s319 2
c2sp1s32 0
c2sp1s320 2
c2sp1s321 2
c2sp1s322 2
c2sp1s323 2
c2sp1s324 2
c2sp1s325 2
c2sp1s326 2
c2sp1s327 2
c2sp1s328 2
c2sp1s329 2
c2sp1s33 0
c2sp1s330 2
c2sp1s331 2
c2sp1s332 2
c2sp1s333 2
c2sp1s334 2
c2sp1s335 2
c2sp1s336 2
c2sp1s337 2
c2sp1s338 2
c2sp1s339 2
c2sp1s34 0
c2sp1s340 2
c2sp1s341 2
c2sp1s342 2
c2sp1s343 2
c2sp1s344 2
c2sp1s345 2
c2sp1s346 2
c2sp1s347 2
c2sp1s348 2
c2sp1s349 2
c2sp1s35 2
c2sp1s350 2
c2sp1s351 2
c2sp1s352 2
c2sp1s353 2
c2sp1s354 2
c2sp1s355 2
c2sp1s356 2
c2sp1s357 2
c2sp1s358 2
c2sp1s359 2
c2sp1s36 0
c2sp1s360 2
c2sp1s361 2
c2sp1s362 2
c2sp1s363 2
c2sp1s364 2
c2sp1s365 2
c2sp1s366 2
c2sp1s367 2
c2sp1s368 2
c2sp1s369 2
c2sp1s37 0
c2sp1s370 2
c2sp1s371 2
c2sp1s372 2
c2sp1s373 2
c2sp1s374 2
c2sp1s375 2
c2sp1s376 2
c2sp1s377 2
c2sp1s378 2
c2sp1s379 2
c2sp1s38 0
c2sp1s380 2
c2sp1s381 2
c2sp1s382 2
c2sp1s383 2
c2sp1s384 2
c2sp1s385 2
c2sp1s386 2
c2sp1s387 2
c2sp1s388 2
c2sp1s389 2
c2sp1s39 0
c2sp1s390 2
c2sp1s391 2
c2sp1s392 2
c2sp1s393 2
c2sp1s394 2
c2sp1s395 2
c2sp1s396 2
c2sp1s397 2
c2sp1s398 0
c2sp1s399 0
c2sp1s4 0
c2sp1s40 0
c2sp1s400 0
c2sp1s401 2
c2sp1s402 0
c2sp1s403 0
c2sp1s404 0
c2sp1s405 0
c2sp1s406 0
c2sp1s407 0
c2sp1s408 0
c2sp1s409 0
c2sp1s41 0
c2sp1s410 0
c2sp1s411 0
c2sp1s412 2
c2sp1s413 0
c2sp1s414 0
c2sp1s415 0
c2sp1s416 0
c2sp1s417 0
c2sp1s418 0
c2sp1s419 0
c2sp1s42 0
c2sp1s420 0
c2sp1s421 0
c2sp1s422 0
c2sp1s423 2
c2sp1s424 0
c2sp1s425 0
c2sp1s426 0
c2sp1s427 0
c2sp1s428 0
c2sp1s429 0
c2sp1s43 0
c2sp1s430 0
c2sp1s431 0
c2sp1s432 0
c2sp1s433 0
c2sp1s434 2
c2sp1s435 0
c2sp1s436 0
c2sp1s437 0
c2sp1s438 0
c2sp1s439 0
c2sp1s44 0
c2sp1s440 0
c2sp1s441 0
c2sp1s442 0
c2sp1s443 0
c2sp1s444 0
c2sp1s445 2
c2sp1s446 2
c2sp1s447 0
c2sp1s448 2
c2sp1s449 2
c2sp1s45 0
c2sp1s450 2
c2sp1s451 2
c2sp1s452 2
c2sp1s453 2
c2sp1s454 2
c2sp1s455 2
c2sp1s456 2
c2sp1s457 2
c2sp1s458 2
c2sp1s459 2
c2sp1s46 2
c2sp1s460 2
c2sp1s461 2
c2sp1s462 2
c2sp1s463 2
c2sp1s464 2
c2sp1s465 2
c2sp1s466 2
c2sp1s467 2
c2sp1s468 2
c2sp1s469 2
c2sp1s47 0
c2sp1s470 2
c2sp1s471 2
c2sp1s472 2
c2sp1s473 2
c2sp1s474 2
c2sp1s475 2
c2sp1s476 2
c2sp1s477 2
c2sp1s478 2
c2sp1s479 2
c2sp1s48 0
c2sp1s480 2
c2sp1s481 2
c2sp1s482 2
c2sp1s483 2
c2sp1s484 2
c2sp1s485 2
c2sp1s486 2
c2sp1s487 2
c2sp1s488 2
c2sp1s489 2
c2sp1s49 0
c2sp1s490 2
c2sp1s491 2
c2sp1s492 2
c2sp1s493 2
c2sp1s494 2
c2sp1s495 2
c2sp1s496 2
c2sp1s497 2
c2sp1s498 0
c2sp1s499 0
c2sp1s5 0
c2sp1s50 0
c2sp1s500 0
c2sp1s51 0
c2sp1s52 0
c2sp1s53 0
c2sp1s54 0
c2sp1s55 0
c2sp1s56 0
c2sp1s57 2
c2sp1s58 0
c2sp1s59 0
c2sp1s6 0
c2sp1s60 0
c2sp1s61 0
c2sp1s62 0
c2sp1s63 0
c2sp1s64 0
c2sp1s65 0
c2sp1s66 0
c2sp1s67 0
c2sp1s68 2
c2sp1s69 0
c2sp1s7 0
c2sp1s70 0
c2sp1s71 0
c2sp1s72 0
c2sp1s73 0
c2sp1s74 0
c2sp1s75 0
c2sp1s76 0
c2sp1s77 0
c2sp1s78 0
c2sp1s79 2
c2sp1s8 0
c2sp1s80 0
c2sp1s81 0
c2sp1s82 0
c2sp1s83 0
c2sp1s84 0
c2sp1s85 0
c2sp1s86 0
c2sp1s87 0
c2sp1s88 0
c2sp1s89 0
c2sp1s9 0
c2sp1s90 2
c2sp1s91 0
c2sp1s92 0
c2sp1s93 0
c2sp1s94 0
c2sp1s95 0
c2sp1s96 0
c2sp1s97 0
c2sp1s98 0
c2sp1s99 0
c2sp2s1000 4
c2sp2s501 4
c2sp2s502 1
c2sp2s503 1
c2sp2s504 1
c2sp2s505 1
c2sp2s506 1
c2sp2s507 1
c2sp2s508 1
c2sp2s509 1
c2sp2s510 1
c2sp2s511 1
c2sp2s512 1
c2sp2s513 1
c2sp2s514 1
c2sp2s515 1
c2sp2s516 1
c2sp2s517 1
c2sp2s518 1
c2sp2s519 1
c2sp2s520 1
c2sp2s521 1
c2sp2s522 1
c2sp2s523 1
c2sp2s524 1
c2sp2s525 1
c2sp2s526 1
c2sp2s527 1
c2sp2s528 1
c2sp2s529 1
c2sp2s530 1
c2sp2s531 1
c2sp2s532 1
c2sp2s533 1
c2sp2s534 1
c2sp2s535 1
c2sp2s536 1
c2sp2s537 1
c2sp2s538 1
c2sp2s539 1
c2sp2s540 1
c2sp2s541 1
c2sp2s542 1
c2sp2s543 1
c2sp2s544 1
c2sp2s545 1
c2sp2s546 1
c2sp2s547 1
c2sp2s548 1
c2sp2s549 1
c2sp2s550 1
c2sp2s551 1
c2sp2s552 1
c2sp2s553 1
c2sp2s554 1
c2sp2s555 1
c2sp2s556 1
c2sp2s557 1
c2sp2s558 1
c2sp2s559 1
c2sp2s560 1
c2sp2s561 1
c2sp2s562 1
c2sp2s563 1
c2sp2s564 1
c2sp2s565 1
c2sp2s566 1
c2sp2s567 1
c2sp2s568 1
c2sp2s569 1
c2sp2s570 1
c2sp2s571 1
c2sp2s572 1
c2sp2s573 1
c2sp2s574 1
c2sp2s575 1
c2sp2s576 1
c2sp2s577 1
c2sp2s578 1
c2sp2s579 1
c2sp2s580 1
c2sp2s581 1
c2sp2s582 1
c2sp2s583 1
c2sp2s584 1
c2sp2s585 1
c2sp2s586 1
c2sp2s587 1
c2sp2s588 1
c2sp2s589 1
c2sp2s590 1
c2sp2s591 1
c2sp2s592 1
c2sp2s593 1
c2sp2s594 1
c2sp2s595 1
c2sp2s596 1
c2sp2s597 1
c2sp2s598 4
c2sp2s599 4
c2sp2s600 4
c2sp2s601 4
c2sp2s602 4
c2sp2s603 4
c2sp2s604 4
c2sp2s605 4
c2sp2s606 4
c2sp2s607 4
c2sp2s608 4
c2sp2s609 4
c2sp2s610 4
c2sp2s611 4
c2sp2s612 4
c2sp2s613 4
c2sp2s614 4
c2sp2s615 4
c2sp2s616 4
c2sp2s617 4
c2sp2s618 4
c2sp2s619 4
c2sp2s620 4
c2sp2s621 4
c2sp2s622 4
c2sp2s623 4
c2sp2s624 4
c2sp2s625 4
c2sp2s626 4
c2sp2s627 4
c2sp2s628 4
c2sp2s629 4
c2sp2s630 4
c2sp2s631 4
c2sp2s632 4
c2sp2s633 4
c2sp2s634 4
c2sp2s635 4
c2sp2s636 4
c2sp2s637 4
c2sp2s638 4
c2sp2s639 4
c2sp2s640 4
c2sp2s641 4
c2sp2s642 4
c2sp2s643 4
c2sp2s644 4
c2sp2s645 4
c2sp2s646 4
c2sp2s647 4
c2sp2s648 4
c2sp2s649 4
c2sp2s650 4
c2sp2s651 4
c2sp2s652 4
c2sp2s653 4
c2sp2s654 4
c2sp2s655 4
c2sp2s656 4
c2sp2s657 4
c2sp2s658 4
c2sp2s659 4
c2sp2s660 4
c2sp2s661 4
c2sp2s662 4
c2sp2s663 4
c2sp2s664 4
c2sp2s665 4
c2sp2s666 4
c2sp2s667 4
c2sp2s668 4
c2sp2s669 4
c2sp2s670 4
c2sp2s671 4
c2sp2s672 4
c2sp2s673 4
c2sp2s674 4
c2sp2s675 4
c2sp2s676 4
c2sp2s677 4
c2sp2s678 4
c2sp2s679 4
c2sp2s680 4
c2sp2s681 4
c2sp2s682 4
c2sp2s683 4
c2sp2s684 4
c2sp2s685 4
c2sp2s686 4
c2sp2s687 4
c2sp2s688 4
c2sp2s689 4
c2sp2s690 4
c2sp2s691 4
c2sp2s692 4
c2sp2s693 4
c2sp2s694 2
c2sp2s695 2
c2sp2s696 2
c2sp2s697 2
c2sp2s698 2
c2sp2s699 2
c2sp2s700 2
c2sp2s701 2
c2sp2s702 2
c2sp2s703 2
c2sp2s704 2
c2sp2s705 2
c2sp2s706 2
c2sp2s707 2
c2sp2s708 2
c2sp2s709 2
c2sp2s710 2
c2sp2s711 2
c2sp2s712 2
c2sp2s713 2
c2sp2s714 2
c2sp2s715 2
c2sp2s716 2
c2sp2s717 2
c2sp2s718 2
c2sp2s719 2
c2sp2s720 2
c2sp2s721 2
c2sp2s722 2
c2sp2s723 2
c2sp2s724 2
c2sp2s725 2
c2sp2s726 2
c2sp2s727 2
c2sp2s728 2
c2sp2s729 2
c2sp2s730 2
c2sp2s731 2
c2sp2s732 2
c2sp2s733 2
c2sp2s734 2
c2sp2s735 2
c2sp2s736 2
c2sp2s737 2
c2sp2s738 2
c2sp2s739 2
c2sp2s740 2
c2sp2s741 2
c2sp2s742 2
c2sp2s743 2
c2sp2s744 2
c2sp2s745 2
c2sp2s746 2
c2sp2s747 2
c2sp2s748 2
c2sp2s749 2
c2sp2s750 2
c2sp2s751 2
c2sp2s752 2
c2sp2s753 2
c2sp2s754 2
c2sp2s755 2
c2sp2s756 2
c2sp2s757 2
c2sp2s758 2
c2sp2s759 2
c2sp2s760 2
c2sp2s761 2
c2sp2s762 2
c2sp2s763 2
c2sp2s764 2
c2sp2s765 2
c2sp2s766 2
c2sp2s767 2
c2sp2s768 2
c2sp2s769 2
c2sp2s770 2
c2sp2s771 2
c2sp2s772 2
c2sp2s773 2
c2sp2s774 2
c2sp2s775 2
c2sp2s776 2
c2sp2s777 2
c2sp2s778 2
c2sp2s779 2
c2sp2s780 2
c2sp2s781 2
c2sp2s782 2
c2sp2s783 2
c2sp2s784 2
c2sp2s785 2
c2sp2s786 2
c2sp2s787 2
c2sp2s788 2
c2sp2s789 2
c2sp2s790 0
c2sp2s791 0
c2sp2s792 0
c2sp2s793 0
c2sp2s794 0
c2sp2s795 0
c2sp2s796 0
c2sp2s797 0
c2sp2s798 0
c2sp2s799 0
c2sp2s800 0
c2sp2s801 0
c2sp2s802 0
c2sp2s803 0
c2sp2s804 0
c2sp2s805 0
c2sp2s806 0
c2sp2s807 0
c2sp2s808 0
c2sp2s809 0
c2sp2s810 0
c2sp2s811 0
c2sp2s812 0
c2sp2s813 0
c2sp2s814 0
c2sp2s815 0
c2sp2s816 0
c2sp2s817 0
c2sp2s818 0
c2sp2s819 0
c2sp2s820 0
c2sp2s821 0
c2sp2s822 0
c2sp2s823 0
c2sp2s824 0
c2sp2s825 0
c2sp2s826 0
c2sp2s827 0
c2sp2s828 0
c2sp2s829 0
c2sp2s830 0
c2sp2s831 0
c2sp2s832 0
c2sp2s833 0
c2sp2s834 0
c2sp2s835 0
c2sp2s836 0
c2sp2s837 0
c2sp2s838 1
c2sp2s839 1
c2sp2s840 1
c2sp2s841 1
c2sp2s842 1
c2sp2s843 1
c2sp2s844 1
c2sp2s845 1
c2sp2s846 1
c2sp2s847 1
c2sp2s848 1
c2sp2s849 1
c2sp2s850 1
c2sp2s851 1
c2sp2s852 1
c2sp2s853 1
c2sp2s854 1
c2sp2s855 1
c2sp2s856 1
c2sp2s857 1
c2sp2s858 1
c2sp2s859 1
c2sp2s860 1
c2sp2s861 1
c2sp2s862 1
c2sp2s863 1
c2sp2s864 1
c2sp2s865 1
c2sp2s866 1
c2sp2s867 1
c2sp2s868 1
c2sp2s869 1
c2sp2s870 1
c2sp2s871 1
c2sp2s872 1
c2sp2s873 1
c2sp2s874 1
c2sp2s875 1
c2sp2s876 1
c2sp2s877 1
c2sp2s878 1
c2sp2s879 1
c2sp2s880 1
c2sp2s881 1
c2sp2s882 1
c2sp2s883 1
c2sp2s884 1
c2sp2s885 1
c2sp2s886 3
c2sp2s887 3
c2sp2s888 3
c2sp2s889 3
c2sp2s890 3
c2sp2s891 3
c2sp2s892 3
c2sp2s893 3
c2sp2s894 3
c2sp2s895 3
c2sp2s896 3
c2sp2s897 3
c2sp2s898 3
c2sp2s899 3
c2sp2s900 3
c2sp2s901 3
c2sp2s902 3
c2sp2s903 3
c2sp2s904 3
c2sp2s905 3
c2sp2s906 3
c2sp2s907 3
c2sp2s908 3
c2sp2s909 3
c2sp2s910 3
c2sp2s911 3
c2sp2s912 3
c2sp2s913 3
c2sp2s914 3
c2sp2s915 3
c2sp2s916 3
c2sp2s917 3
c2sp2s918 3
c2sp2s919 3
c2sp2s920 3
c2sp2s921 3
c2sp2s922 3
c2sp2s923 3
c2sp2s924 3
c2sp2s925 3
c2sp2s926 3
c2sp2s927 3
c2sp2s928 3
c2sp2s929 3
c2sp2s930 3
c2sp2s931 3
c2sp2s932 3
c2sp2s933 3
c2sp2s934 3
c2sp2s935 3
c2sp2s936 3
c2sp2s937 3
c2sp2s938 3
c2sp2s939 3
c2sp2s940 3
c2sp2s941 3
c2sp2s942 3
c2sp2s943 3
c2sp2s944 3
c2sp2s945 3
c2sp2s946 3
c2sp2s947 3
c2sp2s948 3
c2sp2s949 3
c2sp2s950 3
c2sp2s951 3
c2sp2s952 3
c2sp2s953 3
c2sp2s954 3
c2sp2s955 3
c2sp2s956 3
c2sp2s957 3
c2sp2s958 4
c2sp2s959 4
c2sp2s960 4
c2sp2s961 4
c2sp2s962 4
c2sp2s963 4
c2sp2s964 4
c2sp2s965 4
c2sp2s966 4
c2sp2s967 4
c2sp2s968 4
c2sp2s969 4
c2sp2s970 4
c2sp2s971 4
c2sp2s972 4
c2sp2s973 4
c2sp2s974 4
c2sp2s975 4
c2sp2s976 4
c2sp2s977 4
c2sp2s978 4
c2sp2s979 4
c2sp2s980 4
c2sp2s981 4
c2sp2s982 4
c2sp2s983 4
c2sp2s984 4
c2sp2s985 4
c2sp2s986 4
c2sp2s987 4
c2sp2s988 4
c2sp2s989 4
c2sp2s990 4
c2sp2s991 4
c2sp2s992 4
c2sp2s993 4
c2sp2s994 4
c2sp2s995 4
c2sp2s996 4
c2sp2s997 4
c2sp2s998 4
c2sp2s999 4
