c2sp1s1 0
c2sp1s10 2
c2sp1s100 2
c2sp1s101 0
c2sp1s102 2
c2sp1s103 2
c2sp1s104 2
c2sp1s105 1
c2sp1s106 1
c2sp1s107 1
c2sp1s108 1
c2sp1s109 1
c2sp1s11 2
c2sp1s110 1
c2sp1s111 1
c2sp1s112 0
c2sp1s113 0
c2sp1s114 1
c2sp1s115 1
c2sp1s116 1
c2sp1s117 1
c2sp1s118 1
c2sp1s119 1
c2sp1s12 2
c2sp1s120 1
c2sp1s121 1
c2sp1s122 1
c2sp1s123 1
c2sp1s124 0
c2sp1s125 1
c2sp1s126 1
c2sp1s127 1
c2sp1s128 1
c2sp1s129 1
c2sp1s13 0
c2sp1s130 1
c2sp1s131 1
c2sp1s132 1
c2sp1s133 1
c2sp1s134 1
c2sp1s135 0
c2sp1s136 1
c2sp1s137 1
c2sp1s138 1
c2sp1s139 1
c2sp1s14 2
c2sp1s140 1
c2sp1s141 1
c2sp1s142 1
c2sp1s143 1
c2sp1s144 1
c2sp1s145 1
c2sp1s146 0
c2sp1s147 1
c2sp1s148 1
c2sp1s149 1
c2sp1s15 2
c2sp1s150 1
c2sp1s151 1
c2sp1s152 1
c2sp1s153 1
c2sp1s154 1
c2sp1s155 1
c2sp1s156 1
c2sp1s157 0
c2sp1s158 1
c2sp1s159 1
c2sp1s16 2
c2sp1s160 1
c2sp1s161 1
c2sp1s162 1
c2sp1s163 1
c2sp1s164 1
c2sp1s165 1
c2sp1s166 1
c2sp1s167 1
c2sp1s168 0
c2sp1s169 1
c2sp1s17 2
c2sp1s170 1
c2sp1s171 1
c2sp1s172 1
c2sp1s173 1
c2sp1s174 1
c2sp1s175 1
c2sp1s176 1
c2sp1s177 1
c2sp1s178 1
c2sp1s179 0
c2sp1s18 2
c2sp1s180 1
c2sp1s181 1
c2sp1s182 1
c2sp1s183 1
c2sp1s184 1
c2sp1s185 1
c2sp1s186 1
c2sp1s187 1
c2sp1s188 1
c2sp1s189 1
c2sp1s19 2
c2sp1s190 0
c2sp1s191 1
c2sp1s192 1
c2sp1s193 1
c2sp1s194 1
c2sp1s195 1
c2sp1s196 1
c2sp1s197 1
c2sp1s198 1
c2sp1s199 1
c2sp1s2 0
c2sp1s20 2
c2sp1s200 1
c2sp1s201 0
c2sp1s202 1
c2sp1s203 1
c2sp1s204 1
c2sp1s205 1
c2sp1s206 1
c2sp1s207 1
c2sp1s208 1
c2sp1s209 1
c2sp1s21 2
c2sp1s210 1
c2sp1s211 2
c2sp1s212 0
c2sp1s213 2
c2sp1s214 2
c2sp1s215 2
c2sp1s216 2
c2sp1s217 2
c2sp1s218 2
c2sp1s219 2
c2sp1s22 2
c2sp1s220 2
c2sp1s221 2
c2sp1s222 2
c2sp1s223 0
c2sp1s224 0
c2sp1s225 2
c2sp1s226 2
c2sp1s227 2
c2sp1s228 2
c2sp1s229 2
c2sp1s23 2
c2sp1s230 2
c2sp1s231 2
c2sp1s232 2
c2sp1s233 2
c2sp1s234 2
c2sp1s235 0
c2sp1s236 2
c2sp1s237 2
c2sp1s238 2
c2sp1s239 2
c2sp1s24 0
c2sp1s240 2
c2sp1s241 2
c2sp1s242 2
c2sp1s243 2
c2sp1s244 2
c2sp1s245 2
c2sp1s246 0
c2sp1s247 2
c2sp1s248 2
c2sp1s249 2
c2sp1s25 2
c2sp1s250 2
c2sp1s251 2
c2sp1s252 2
c2sp1s253 2
c2sp1s254 2
c2sp1s255 2
c2sp1s256 2
c2sp1s257 0
c2sp1s258 2
c2sp1s259 2
c2sp1s26 2
c2sp1s260 2
c2sp1s261 2
c2sp1s262 2
c2sp1s263 2
c2sp1s264 2
c2sp1s265 0
c2sp1s266 0
c2sp1s267 0
c2sp1s268 0
c2sp1s269 0
c2sp1s27 2
c2sp1s270 0
c2sp1s271 0
c2sp1s272 0
c2sp1s273 0
c2sp1s274 0
c2sp1s275 0
c2sp1s276 0
c2sp1s277 0
c2sp1s278 0
c2sp1s279 0
c2sp1s28 2
c2sp1s280 0
c2sp1s281 0
c2sp1s282 0
c2sp1s283 0
c2sp1s284 0
c2sp1s285 0
c2sp1s286 0
c2sp1s287 0
c2sp1s288 0
c2sp1s289 0
c2sp1s29 2
c2sp1s290 0
c2sp1s291 0
c2sp1s292 0
c2sp1s293 0
c2sp1s294 0
c2sp1s295 0
c2sp1s296 0
c2sp1s297 0
c2sp1s298 0
c2sp1s299 0
c2sp1s3 2
c2sp1s30 2
c2sp1s300 0
c2sp1s301 0
c2sp1s302 0
c2sp1s303 0
c2sp1s304 0
c2sp1s305 0
c2sp1s306 0
c2sp1s307 0
c2sp1s308 0
c2sp1s309 0
c2sp1s31 2
c2sp1s310 0
c2sp1s311 0
c2sp1s312 0
c2sp1s313 0
c2sp1s314 0
c2sp1s315 0
c2sp1s316 0
c2sp1s317 0
c2sp1s318 0
c2sp1s319 0
c2sp1s32 2
c2sp1s320 0
c2sp1s321 0
c2sp1s322 0
c2sp1s323 0
c2sp1s324 0
c2sp1s325 0
c2sp1s326 0
c2sp1s327 0
c2sp1s328 0
c2sp1s329 0
c2sp1s33 2
c2sp1s330 0
c2sp1s331 0
c2sp1s332 0
c2sp1s333 0
c2sp1s334 0
c2sp1s335 0
c2sp1s336 0
c2sp1s337 0
c2sp1s338 0
c2sp1s339 0
c2sp1s34 2
c2sp1s340 0
c2sp1s341 0
c2sp1s342 0
c2sp1s343 0
c2sp1s344 0
c2sp1s345 0
c2sp1s346 0
c2sp1s347 0
c2sp1s348 0
c2sp1s349 0
c2sp1s35 0
c2sp1s350 0
c2sp1s351 0
c2sp1s352 0
c2sp1s353 0
c2sp1s354 0
c2sp1s355 0
c2sp1s356 0
c2sp1s357 0
c2sp1s358 0
c2sp1s359 0
c2sp1s36 2
c2sp1s360 0
c2sp1s361 0
c2sp1s362 0
c2sp1s363 0
c2sp1s364 0
c2sp1s365 0
c2sp1s366 0
c2sp1s367 0
c2sp1s368 0
c2sp1s369 0
c2sp1s37 2
c2sp1s370 0
c2sp1s371 0
c2sp1s372 0
c2sp1s373 0
c2sp1s374 0
c2sp1s375 0
c2sp1s376 0
c2sp1s377 0
c2sp1s378 0
c2sp1s379 0
c2sp1s38 2
c2sp1s380 0
c2sp1s381 0
c2sp1s382 0
c2sp1s383 0
c2sp1s384 0
c2sp1s385 0
c2sp1s386 0
c2sp1s387 0
c2sp1s388 0
c2sp1s389 0
c2sp1s39 2
c2sp1s390 0
c2sp1s391 0
c2sp1s392 0
c2sp1s393 0
c2sp1s394 0
c2sp1s395 0
c2sp1s396 0
c2sp1s397 0
c2sp1s398 2
c2sp1s399 2
c2sp1s4 2
c2sp1s40 2
c2sp1s400 2
c2sp1s401 0
c2sp1s402 2
c2sp1s403 2
c2sp1s404 2
c2sp1s405 2
c2sp1s406 2
c2sp1s407 2
c2sp1s408 2
c2sp1s409 2
c2sp1s41 2
c2sp1s410 2
c2sp1s411 2
c2sp1s412 0
c2sp1s413 2
c2sp1s414 2
c2sp1s415 2
c2sp1s416 2
c2sp1s417 2
c2sp1s418 2
c2sp1s419 2
c2sp1s42 2
c2sp1s420 2
c2sp1s421 2
c2sp1s422 2
c2sp1s423 0
c2sp1s424 2
c2sp1s425 2
c2sp1s426 2
c2sp1s427 2
c2sp1s428 2
c2sp1s429 2
c2sp1s43 2
c2sp1s430 2
c2sp1s431 2
c2sp1s432 2
c2sp1s433 2
c2sp1s434 0
c2sp1s435 2
c2sp1s436 2
c2sp1s437 2
c2sp1s438 2
c2sp1s439 2
c2sp1s44 2
c2sp1s440 2
c2sp1s441 2
c2sp1s442 2
c2sp1s443 2
c2sp1s444 2
c2sp1s445 0
c2sp1s446 0
c2sp1s447 2
c2sp1s448 0
c2sp1s449 0
c2sp1s45 2
c2sp1s450 0
c2sp1s451 0
c2sp1s452 0
c2sp1s453 0
c2sp1s454 0
c2sp1s455 0
c2sp1s456 0
c2sp1s457 0
c2sp1s458 0
c2sp1s459 0
c2sp1s46 0
c2sp1s460 0
c2sp1s461 0
c2sp1s462 0
c2sp1s463 0
c2sp1s464 0
c2sp1s465 0
c2sp1s466 0
c2sp1s467 0
c2sp1s468 0
c2sp1s469 0
c2sp1s47 2
c2sp1s470 0
c2sp1s471 0
c2sp1s472 0
c2sp1s473 0
c2sp1s474 0
c2sp1s475 0
c2sp1s476 0
c2sp1s477 0
c2sp1s478 0
c2sp1s479 0
c2sp1s48 2
c2sp1s480 0
c2sp1s481 0
c2sp1s482 0
c2sp1s483 0
c2sp1s484 0
c2sp1s485 0
c2sp1s486 0
c2sp1s487 0
c2sp1s488 0
c2sp1s489 0
c2sp1s49 2
c2sp1s490 0
c2sp1s491 0
c2sp1s492 0
c2sp1s493 0
c2sp1s494 0
c2sp1s495 0
c2sp1s496 0
c2sp1s497 0
c2sp1s498 2
c2sp1s499 2
c2sp1s5 2
c2sp1s50 2
c2sp1s500 2
c2sp1s51 2
c2sp1s52 2
c2sp1s53 2
c2sp1s54 2
c2sp1s55 2
c2sp1s56 2
c2sp1s57 0
c2sp1s58 2
c2sp1s59 2
c2sp1s6 2
c2sp1s60 2
c2sp1s61 2
c2sp1s62 2
c2sp1s63 2
c2sp1s64 2
c2sp1s65 2
c2sp1s66 2
c2sp1s67 2
c2sp1s68 0
c2sp1s69 2
c2sp1s7 2
c2sp1s70 2
c2sp1s71 2
c2sp1s72 2
c2sp1s73 2
c2sp1s74 2
c2sp1s75 2
c2sp1s76 2
c2sp1s77 2
c2sp1s78 2
c2sp1s79 0
c2sp1s8 2
c2sp1s80 2
c2sp1s81 2
c2sp1s82 2
c2sp1s83 2
c2sp1s84 2
c2sp1s85 2
c2sp1s86 2
c2sp1s87 2
c2sp1s88 2
c2sp1s89 2
c2sp1s9 2
c2sp1s90 0
c2sp1s91 2
c2sp1s92 2
c2sp1s93 2
c2sp1s94 2
c2sp1s95 2
c2sp1s96 2
c2sp1s97 2
c2sp1s98 2
c2sp1s99 2
c2sp2s1000 2
c2sp2s501 2
c2sp2s502 1
c2sp2s503 1
c2sp2s504 1
c2sp2s505 1
c2sp2s506 1
c2sp2s507 1
c2sp2s508 1
c2sp2s509 1
c2sp2s510 1
c2sp2s511 1
c2sp2s512 1
c2sp2s513 1
c2sp2s514 1
c2sp2s515 1
c2sp2s516 1
c2sp2s517 1
c2sp2s518 1
c2sp2s519 1
c2sp2s520 1
c2sp2s521 1
c2sp2s522 1
c2sp2s523 1
c2sp2s524 1
c2sp2s525 1
c2sp2s526 1
c2sp2s527 1
c2sp2s528 1
c2sp2s529 1
c2sp2s530 1
c2sp2s531 1
c2sp2s532 1
c2sp2s533 1
c2sp2s534 1
c2sp2s535 1
c2sp2s536 1
c2sp2s537 1
c2sp2s538 1
c2sp2s539 1
c2sp2s540 1
c2sp2s541 1
c2sp2s542 1
c2sp2s543 1
c2sp2s544 1
c2sp2s545 1
c2sp2s546 1
c2sp2s547 1
c2sp2s548 1
c2sp2s549 1
c2sp2s550 1
c2sp2s551 1
c2sp2s552 1
c2sp2s553 1
c2sp2s554 1
c2sp2s555 1
c2sp2s556 1
c2sp2s557 1
c2sp2s558 1
c2sp2s559 1
c2sp2s560 1
c2sp2s561 1
c2sp2s562 1
c2sp2s563 1
c2sp2s564 1
c2sp2s565 1
c2sp2s566 1
c2sp2s567 1
c2sp2s568 1
c2sp2s569 1
c2sp2s570 1
c2sp2s571 1
c2sp2s572 1
c2sp2s573 1
c2sp2s574 1
c2sp2s575 1
c2sp2s576 1
c2sp2s577 1
c2sp2s578 1
c2sp2s579 1
c2sp2s580 1
c2sp2s581 1
c2sp2s582 1
c2sp2s583 1
c2sp2s584 1
c2sp2s585 1
c2sp2s586 1
c2sp2s587 1
c2sp2s588 1
c2sp2s589 1
c2sp2s590 1
c2sp2s591 1
c2sp2s592 1
c2sp2s593 1
c2sp2s594 1
c2sp2s595 1
c2sp2s596 1
c2sp2s597 1
c2sp2s598 2
c2sp2s599 2
c2sp2s600 2
c2sp2s601 2
c2sp2s602 2
c2sp2s603 2
c2sp2s604 2
c2sp2s605 2
c2sp2s606 2
c2sp2s607 2
c2sp2s608 2
c2sp2s609 2
c2sp2s610 2
c2sp2s611 2
c2sp2s612 2
c2sp2s613 2
c2sp2s614 2
c2sp2s615 2
c2sp2s616 2
c2sp2s617 2
c2sp2s618 2
c2sp2s619 2
c2sp2s620 2
c2sp2s621 2
c2sp2s622 2
c2sp2s623 2
c2sp2s624 2
c2sp2s625 2
c2sp2s626 2
c2sp2s627 2
c2sp2s628 2
c2sp2s629 2
c2sp2s630 2
c2sp2s631 2
c2sp2s632 2
c2sp2s633 2
c2sp2s634 2
c2sp2s635 2
c2sp2s636 2
c2sp2s637 2
c2sp2s638 2
c2sp2s639 2
c2sp2s640 2
c2sp2s641 2
c2sp2s642 2
c2sp2s643 2
c2sp2s644 2
c2sp2s645 2
c2sp2s646 2
c2sp2s647 2
c2sp2s648 2
c2sp2s649 2
c2sp2s650 2
c2sp2s651 2
c2sp2s652 2
c2sp2s653 2
c2sp2s654 2
c2sp2s655 2
c2sp2s656 2
c2sp2s657 2
c2sp2s658 2
c2sp2s659 2
c2sp2s660 2
c2sp2s661 2
c2sp2s662 2
c2sp2s663 2
c2sp2s664 2
c2sp2s665 2
c2sp2s666 2
c2sp2s667 2
c2sp2s668 2
c2sp2s669 2
c2sp2s670 2
c2sp2s671 2
c2sp2s672 2
c2sp2s673 2
c2sp2s674 2
c2sp2s675 2
c2sp2s676 2
c2sp2s677 2
c2sp2s678 2
c2sp2s679 2
c2sp2s680 2
c2sp2s681 2
c2sp2s682 2
c2sp2s683 2
c2sp2s684 2
c2sp2s685 2
c2sp2s686 2
c2sp2s687 2
c2sp2s688 2
c2sp2s689 2
c2sp2s690 2
c2sp2s691 2
c2sp2s692 2
c2sp2s693 2
c2sp2s694 0
c2sp2s695 0
c2sp2s696 0
c2sp2s697 0
c2sp2s698 0
c2sp2s699 0
c2sp2s700 0
c2sp2s701 0
c2sp2s702 0
c2sp2s703 0
c2sp2s704 0
c2sp2s705 0
c2sp2s706 0
c2sp2s707 0
c2sp2s708 0
c2sp2s709 0
c2sp2s710 0
c2sp2s711 0
c2sp2s712 0
c2sp2s713 0
c2sp2s714 0
c2sp2s715 0
c2sp2s716 0
c2sp2s717 0
c2sp2s718 0
c2sp2s719 0
c2sp2s720 0
c2sp2s721 0
c2sp2s722 0
c2sp2s723 0
c2sp2s724 0
c2sp2s725 0
c2sp2s726 0
c2sp2s727 0
c2sp2s728 0
c2sp2s729 0
c2sp2s730 0
c2sp2s731 0
c2sp2s732 0
c2sp2s733 0
c2sp2s734 0
c2sp2s735 0
c2sp2s736 0
c2sp2s737 0
c2sp2s738 0
c2sp2s739 0
c2sp2s740 0
c2sp2s741 0
c2sp2s742 0
c2sp2s743 0
c2sp2s744 0
c2sp2s745 0
c2sp2s746 0
c2sp2s747 0
c2sp2s748 0
c2sp2s749 0
c2sp2s750 0
c2sp2s751 0
c2sp2s752 0
c2sp2s753 0
c2sp2s754 0
c2sp2s755 0
c2sp2s756 0
c2sp2s757 0
c2sp2s758 0
c2sp2s759 0
c2sp2s760 0
c2sp2s761 0
c2sp2s762 0
c2sp2s763 0
c2sp2s764 0
c2sp2s765 0
c2sp2s766 0
c2sp2s767 0
c2sp2s768 0
c2sp2s769 0
c2sp2s770 0
c2sp2s771 0
c2sp2s772 0
c2sp2s773 0
c2sp2s774 0
c2sp2s775 0
c2sp2s776 0
c2sp2s777 0
c2sp2s778 0
c2sp2s779 0
c2sp2s780 0
c2sp2s781 0
c2sp2s782 0
c2sp2s783 0
c2sp2s784 0
c2sp2s785 0
c2sp2s786 0
c2sp2s787 0
c2sp2s788 0
c2sp2s789 0
c2sp2s790 2
c2sp2s791 2
c2sp2s792 2
c2sp2s793 2
c2sp2s794 2
c2sp2s795 2
c2sp2s796 2
c2sp2s797 2
c2sp2s798 2
c2sp2s799 2
c2sp2s800 2
c2sp2s801 2
c2sp2s802 2
c2sp2s803 2
c2sp2s804 2
c2sp2s805 2
c2sp2s806 2
c2sp2s807 2
c2sp2s808 2
c2sp2s809 2
c2sp2s810 2
c2sp2s811 2
c2sp2s812 2
c2sp2s813 2
c2sp2s814 2
c2sp2s815 2
c2sp2s816 2
c2sp2s817 2
c2sp2s818 2
c2sp2s819 2
c2sp2s820 2
c2sp2s821 2
c2sp2s822 2
c2sp2s823 2
c2sp2s824 2
c2sp2s825 2
c2sp2s826 2
c2sp2s827 2
c2sp2s828 2
c2sp2s829 2
c2sp2s830 2
c2sp2s831 2
c2sp2s832 2
c2sp2s833 2
c2sp2s834 2
c2sp2s835 2
c2sp2s836 2
c2sp2s837 2
c2sp2s838 1
c2sp2s839 1
c2sp2s840 1
c2sp2s841 1
c2sp2s842 1
c2sp2s843 1
c2sp2s844 1
c2sp2s845 1
c2sp2s846 1
c2sp2s847 1
c2sp2s848 1
c2sp2s849 1
c2sp2s850 1
c2sp2s851 1
c2sp2s852 1
c2sp2s853 1
c2sp2s854 1
c2sp2s855 1
c2sp2s856 1
c2sp2s857 1
c2sp2s858 1
c2sp2s859 1
c2sp2s860 1
c2sp2s861 1
c2sp2s862 1
c2sp2s863 1
c2sp2s864 1
c2sp2s865 1
c2sp2s866 1
c2sp2s867 1
c2sp2s868 1
c2sp2s869 1
c2sp2s870 1
c2sp2s871 1
c2sp2s872 1
c2sp2s873 1
c2sp2s874 1
c2sp2s875 1
c2sp2s876 1
c2sp2s877 1
c2sp2s878 1
c2sp2s879 1
c2sp2s880 1
c2sp2s881 1
c2sp2s882 1
c2sp2s883 1
c2sp2s884 1
c2sp2s885 1
c2sp2s886 1
c2sp2s887 1
c2sp2s888 1
c2sp2s889 1
c2sp2s890 1
c2sp2s891 1
c2sp2s892 1
c2sp2s893 1
c2sp2s894 1
c2sp2s895 1
c2sp2s896 1
c2sp2s897 1
c2sp2s898 1
c2sp2s899 1
c2sp2s900 1
c2sp2s901 1
c2sp2s902 1
c2sp2s903 1
c2sp2s904 1
c2sp2s905 1
c2sp2s906 1
c2sp2s907 1
c2sp2s908 1
c2sp2s909 1
c2sp2s910 1
c2sp2s911 1
c2sp2s912 1
c2sp2s913 1
c2sp2s914 1
c2sp2s915 1
c2sp2s916 1
c2sp2s917 1
c2sp2s918 1
c2sp2s919 1
c2sp2s920 1
c2sp2s921 1
c2sp2s922 1
c2sp2s923 1
c2sp2s924 1
c2sp2s925 1
c2sp2s926 1
c2sp2s927 1
c2sp2s928 1
c2sp2s929 1
c2sp2s930 1
c2sp2s931 1
c2sp2s932 1
c2sp2s933 1
c2sp2s934 1
c2sp2s935 1
c2sp2s936 1
c2sp2s937 1
c2sp2s938 1
c2sp2s939 1
c2sp2s940 1
c2sp2s941 1
c2sp2s942 1
c2sp2s943 1
c2sp2s944 1
c2sp2s945 1
c2sp2s946 1
c2sp2s947 1
c2sp2s948 1
c2sp2s949 1
c2sp2s950 1
c2sp2s951 1
c2sp2s952 1
c2sp2s953 1
c2sp2s954 1
c2sp2s955 1
c2sp2s956 1
c2sp2s957 1
c2sp2s958 2
c2sp2s959 2
c2sp2s960 2
c2sp2s961 2
c2sp2s962 2
c2sp2s963 2
c2sp2s964 2
c2sp2s965 2
c2sp2s966 2
c2sp2s967 2
c2sp2s968 2
c2sp2s969 2
c2sp2s970 2
c2sp2s971 2
c2sp2s972 2
c2sp2s973 2
c2sp2s974 2
c2sp2s975 2
c2sp2s976 2
c2sp2s977 2
c2sp2s978 2
c2sp2s979 2
c2sp2s980 2
c2sp2s981 2
c2sp2s982 2
c2sp2s983 2
c2sp2s984 2
c2sp2s985 2
c2sp2s986 2
c2sp2s987 2
c2sp2s988 2
c2sp2s989 2
c2sp2s990 2
c2sp2s991 2
c2sp2s992 2
c2sp2s993 2
c2sp2s994 2
c2sp2s995 2
c2sp2s996 2
c2sp2s997 2
c2sp2s998 2
c2sp2s999 2
