c2g1s1 0
c2g1s10 4
c2g1s100 0
c2g1s101 0
c2g1s102 0
c2g1s103 1
c2g1s104 1
c2g1s105 0
c2g1s106 1
c2g1s107 4
c2g1s108 0
c2g1s109 1
c2g1s11 1
c2g1s110 0
c2g1s111 0
c2g1s112 0
c2g1s113 0
c2g1s114 0
c2g1s115 0
c2g1s116 0
c2g1s117 1
c2g1s118 1
c2g1s119 0
c2g1s12 1
c2g1s120 1
c2g1s121 4
c2g1s122 1
c2g1s123 4
c2g1s124 4
c2g1s125 1
c2g1s126 1
c2g1s127 0
c2g1s128 0
c2g1s129 4
c2g1s13 0
c2g1s130 0
c2g1s131 0
c2g1s132 4
c2g1s133 0
c2g1s134 4
c2g1s135 0
c2g1s136 1
c2g1s137 1
c2g1s138 0
c2g1s139 0
c2g1s14 0
c2g1s140 4
c2g1s141 0
c2g1s142 1
c2g1s143 1
c2g1s144 0
c2g1s145 0
c2g1s146 1
c2g1s147 0
c2g1s148 0
c2g1s149 1
c2g1s15 0
c2g1s150 1
c2g1s151 4
c2g1s152 4
c2g1s153 1
c2g1s154 1
c2g1s155 0
c2g1s156 4
c2g1s157 4
c2g1s158 0
c2g1s159 4
c2g1s16 4
c2g1s160 1
c2g1s161 1
c2g1s162 0
c2g1s163 0
c2g1s164 4
c2g1s165 0
c2g1s166 0
c2g1s167 0
c2g1s168 1
c2g1s169 0
c2g1s17 1
c2g1s170 4
c2g1s171 1
c2g1s172 1
c2g1s173 1
c2g1s174 0
c2g1s175 0
c2g1s176 4
c2g1s177 4
c2g1s178 1
c2g1s179 1
c2g1s18 1
c2g1s180 1
c2g1s181 1
c2g1s182 0
c2g1s183 1
c2g1s184 4
c2g1s185 0
c2g1s186 0
c2g1s187 0
c2g1s188 1
c2g1s189 1
c2g1s19 1
c2g1s190 0
c2g1s191 0
c2g1s192 0
c2g1s193 4
c2g1s194 1
c2g1s195 0
c2g1s196 0
c2g1s197 4
c2g1s198 1
c2g1s199 0
c2g1s2 0
c2g1s20 1
c2g1s200 0
c2g1s201 0
c2g1s202 1
c2g1s203 1
c2g1s204 4
c2g1s205 1
c2g1s206 1
c2g1s207 0
c2g1s208 1
c2g1s209 0
c2g1s21 0
c2g1s210 1
c2g1s211 0
c2g1s212 0
c2g1s213 0
c2g1s214 1
c2g1s215 0
c2g1s216 0
c2g1s217 0
c2g1s218 0
c2g1s219 4
c2g1s22 1
c2g1s220 1
c2g1s221 0
c2g1s222 1
c2g1s223 0
c2g1s224 0
c2g1s225 1
c2g1s226 1
c2g1s227 4
c2g1s228 1
c2g1s229 0
c2g1s23 0
c2g1s230 1
c2g1s231 1
c2g1s232 1
c2g1s233 0
c2g1s234 0
c2g1s235 0
c2g1s236 0
c2g1s237 4
c2g1s238 4
c2g1s239 0
c2g1s24 0
c2g1s240 1
c2g1s241 1
c2g1s242 0
c2g1s243 1
c2g1s244 0
c2g1s245 1
c2g1s246 0
c2g1s247 0
c2g1s248 0
c2g1s249 4
c2g1s25 1
c2g1s250 1
c2g1s251 0
c2g1s252 0
c2g1s253 1
c2g1s254 0
c2g1s255 1
c2g1s256 0
c2g1s257 0
c2g1s258 0
c2g1s259 0
c2g1s26 1
c2g1s260 0
c2g1s261 1
c2g1s262 0
c2g1s263 1
c2g1s264 0
c2g1s265 0
c2g1s266 4
c2g1s267 1
c2g1s268 1
c2g1s269 1
c2g1s27 0
c2g1s270 0
c2g1s271 0
c2g1s272 1
c2g1s273 4
c2g1s274 0
c2g1s275 1
c2g1s276 0
c2g1s277 1
c2g1s278 4
c2g1s279 1
c2g1s28 0
c2g1s280 0
c2g1s281 1
c2g1s282 0
c2g1s283 0
c2g1s284 1
c2g1s285 0
c2g1s286 0
c2g1s287 0
c2g1s288 0
c2g1s289 1
c2g1s29 4
c2g1s290 1
c2g1s291 1
c2g1s292 4
c2g1s293 1
c2g1s294 0
c2g1s295 1
c2g1s296 0
c2g1s297 0
c2g1s298 1
c2g1s299 0
c2g1s3 0
c2g1s30 0
c2g1s300 0
c2g1s301 0
c2g1s302 1
c2g1s303 0
c2g1s304 0
c2g1s305 1
c2g1s306 4
c2g1s307 0
c2g1s308 0
c2g1s309 4
c2g1s31 1
c2g1s310 4
c2g1s311 0
c2g1s312 0
c2g1s313 0
c2g1s314 0
c2g1s315 0
c2g1s316 0
c2g1s317 1
c2g1s318 0
c2g1s319 0
c2g1s32 1
c2g1s320 1
c2g1s321 4
c2g1s322 1
c2g1s323 4
c2g1s324 0
c2g1s325 0
c2g1s326 0
c2g1s327 1
c2g1s328 1
c2g1s329 0
c2g1s33 4
c2g1s330 1
c2g1s331 4
c2g1s332 0
c2g1s333 4
c2g1s334 4
c2g1s335 0
c2g1s336 0
c2g1s337 0
c2g1s338 1
c2g1s339 0
c2g1s34 0
c2g1s340 0
c2g1s341 1
c2g1s342 0
c2g1s343 0
c2g1s344 0
c2g1s345 0
c2g1s346 1
c2g1s347 1
c2g1s348 0
c2g1s349 0
c2g1s35 0
c2g1s350 0
c2g1s351 0
c2g1s352 4
c2g1s353 4
c2g1s354 0
c2g1s355 1
c2g1s356 4
c2g1s357 1
c2g1s358 4
c2g1s359 0
c2g1s36 1
c2g1s360 1
c2g1s361 0
c2g1s362 1
c2g1s363 0
c2g1s364 0
c2g1s365 1
c2g1s366 0
c2g1s367 0
c2g1s368 0
c2g1s369 4
c2g1s37 1
c2g1s370 1
c2g1s371 0
c2g1s372 0
c2g1s373 0
c2g1s374 1
c2g1s375 1
c2g1s376 0
c2g1s377 0
c2g1s378 1
c2g1s379 0
c2g1s38 0
c2g1s380 0
c2g1s381 0
c2g1s382 0
c2g1s383 1
c2g1s384 1
c2g1s385 1
c2g1s386 4
c2g1s387 0
c2g1s388 4
c2g1s389 1
c2g1s39 1
c2g1s390 0
c2g1s391 1
c2g1s392 1
c2g1s393 4
c2g1s394 1
c2g1s395 4
c2g1s396 0
c2g1s397 1
c2g1s398 1
c2g1s399 0
c2g1s4 1
c2g1s40 0
c2g1s400 0
c2g1s401 1
c2g1s402 1
c2g1s403 0
c2g1s404 0
c2g1s405 4
c2g1s406 0
c2g1s407 1
c2g1s408 1
c2g1s409 1
c2g1s41 1
c2g1s410 0
c2g1s411 4
c2g1s412 1
c2g1s413 4
c2g1s414 1
c2g1s415 1
c2g1s416 1
c2g1s417 0
c2g1s418 0
c2g1s419 1
c2g1s42 0
c2g1s420 4
c2g1s421 0
c2g1s422 1
c2g1s423 4
c2g1s424 0
c2g1s425 0
c2g1s426 1
c2g1s427 4
c2g1s428 1
c2g1s429 0
c2g1s43 1
c2g1s430 1
c2g1s431 0
c2g1s432 0
c2g1s433 0
c2g1s434 0
c2g1s435 4
c2g1s436 4
c2g1s437 4
c2g1s438 0
c2g1s439 0
c2g1s44 0
c2g1s440 0
c2g1s441 1
c2g1s442 0
c2g1s443 1
c2g1s444 0
c2g1s445 0
c2g1s446 1
c2g1s447 0
c2g1s448 1
c2g1s449 0
c2g1s45 1
c2g1s450 4
c2g1s451 1
c2g1s452 0
c2g1s453 0
c2g1s454 0
c2g1s455 4
c2g1s456 1
c2g1s457 0
c2g1s458 1
c2g1s459 4
c2g1s46 1
c2g1s460 1
c2g1s461 0
c2g1s462 1
c2g1s463 0
c2g1s464 1
c2g1s465 4
c2g1s466 1
c2g1s467 1
c2g1s468 0
c2g1s469 0
c2g1s47 0
c2g1s470 0
c2g1s471 1
c2g1s472 1
c2g1s473 4
c2g1s474 1
c2g1s475 0
c2g1s476 4
c2g1s477 1
c2g1s478 0
c2g1s479 1
c2g1s48 1
c2g1s480 4
c2g1s481 0
c2g1s482 0
c2g1s483 0
c2g1s484 1
c2g1s485 0
c2g1s486 1
c2g1s487 0
c2g1s488 1
c2g1s489 0
c2g1s49 1
c2g1s490 4
c2g1s491 0
c2g1s492 0
c2g1s493 0
c2g1s494 0
c2g1s495 1
c2g1s496 1
c2g1s497 1
c2g1s498 1
c2g1s499 4
c2g1s5 0
c2g1s50 1
c2g1s500 0
c2g1s51 0
c2g1s52 0
c2g1s53 1
c2g1s54 1
c2g1s55 1
c2g1s56 0
c2g1s57 4
c2g1s58 0
c2g1s59 1
c2g1s6 0
c2g1s60 1
c2g1s61 1
c2g1s62 0
c2g1s63 0
c2g1s64 0
c2g1s65 4
c2g1s66 0
c2g1s67 4
c2g1s68 1
c2g1s69 1
c2g1s7 0
c2g1s70 0
c2g1s71 0
c2g1s72 4
c2g1s73 4
c2g1s74 0
c2g1s75 0
c2g1s76 0
c2g1s77 0
c2g1s78 4
c2g1s79 1
c2g1s8 0
c2g1s80 1
c2g1s81 1
c2g1s82 0
c2g1s83 1
c2g1s84 0
c2g1s85 1
c2g1s86 1
c2g1s87 4
c2g1s88 4
c2g1s89 0
c2g1s9 4
c2g1s90 4
c2g1s91 4
c2g1s92 1
c2g1s93 1
c2g1s94 0
c2g1s95 0
c2g1s96 4
c2g1s97 4
c2g1s98 1
c2g1s99 1
c2g2s1000 3
c2g2s501 2
c2g2s502 4
c2g2s503 4
c2g2s504 4
c2g2s505 3
c2g2s506 3
c2g2s507 2
c2g2s508 3
c2g2s509 3
c2g2s510 2
c2g2s511 3
c2g2s512 3
c2g2s513 2
c2g2s514 2
c2g2s515 2
c2g2s516 2
c2g2s517 3
c2g2s518 3
c2g2s519 2
c2g2s520 3
c2g2s521 3
c2g2s522 2
c2g2s523 4
c2g2s524 3
c2g2s525 4
c2g2s526 3
c2g2s527 4
c2g2s528 3
c2g2s529 4
c2g2s530 3
c2g2s531 4
c2g2s532 2
c2g2s533 3
c2g2s534 2
c2g2s535 2
c2g2s536 3
c2g2s537 2
c2g2s538 2
c2g2s539 4
c2g2s540 2
c2g2s541 2
c2g2s542 2
c2g2s543 4
c2g2s544 4
c2g2s545 4
c2g2s546 2
c2g2s547 2
c2g2s548 2
c2g2s549 4
c2g2s550 2
c2g2s551 2
c2g2s552 3
c2g2s553 2
c2g2s554 3
c2g2s555 3
c2g2s556 3
c2g2s557 4
c2g2s558 4
c2g2s559 2
c2g2s560 2
c2g2s561 3
c2g2s562 2
c2g2s563 3
c2g2s564 4
c2g2s565 4
c2g2s566 4
c2g2s567 4
c2g2s568 3
c2g2s569 3
c2g2s570 3
c2g2s571 3
c2g2s572 2
c2g2s573 3
c2g2s574 4
c2g2s575 2
c2g2s576 4
c2g2s577 4
c2g2s578 4
c2g2s579 3
c2g2s580 4
c2g2s581 2
c2g2s582 2
c2g2s583 2
c2g2s584 2
c2g2s585 4
c2g2s586 3
c2g2s587 4
c2g2s588 2
c2g2s589 3
c2g2s590 3
c2g2s591 2
c2g2s592 3
c2g2s593 3
c2g2s594 4
c2g2s595 2
c2g2s596 2
c2g2s597 2
c2g2s598 3
c2g2s599 2
c2g2s600 4
c2g2s601 2
c2g2s602 3
c2g2s603 4
c2g2s604 4
c2g2s605 3
c2g2s606 2
c2g2s607 3
c2g2s608 4
c2g2s609 2
c2g2s610 2
c2g2s611 2
c2g2s612 2
c2g2s613 3
c2g2s614 2
c2g2s615 4
c2g2s616 2
c2g2s617 4
c2g2s618 4
c2g2s619 3
c2g2s620 4
c2g2s621 4
c2g2s622 4
c2g2s623 2
c2g2s624 2
c2g2s625 2
c2g2s626 3
c2g2s627 2
c2g2s628 3
c2g2s629 3
c2g2s630 2
c2g2s631 2
c2g2s632 2
c2g2s633 4
c2g2s634 4
c2g2s635 3
c2g2s636 2
c2g2s637 2
c2g2s638 3
c2g2s639 3
c2g2s640 3
c2g2s641 3
c2g2s642 4
c2g2s643 2
c2g2s644 4
c2g2s645 3
c2g2s646 4
c2g2s647 3
c2g2s648 2
c2g2s649 4
c2g2s650 3
c2g2s651 2
c2g2s652 2
c2g2s653 4
c2g2s654 4
c2g2s655 4
c2g2s656 4
c2g2s657 2
c2g2s658 2
c2g2s659 4
c2g2s660 4
c2g2s661 2
c2g2s662 3
c2g2s663 3
c2g2s664 2
c2g2s665 4
c2g2s666 2
c2g2s667 4
c2g2s668 2
c2g2s669 2
c2g2s670 2
c2g2s671 2
c2g2s672 3
c2g2s673 4
c2g2s674 2
c2g2s675 3
c2g2s676 3
c2g2s677 4
c2g2s678 4
c2g2s679 4
c2g2s680 2
c2g2s681 3
c2g2s682 3
c2g2s683 2
c2g2s684 2
c2g2s685 4
c2g2s686 3
c2g2s687 4
c2g2s688 2
c2g2s689 4
c2g2s690 2
c2g2s691 4
c2g2s692 4
c2g2s693 2
c2g2s694 4
c2g2s695 3
c2g2s696 2
c2g2s697 3
c2g2s698 4
c2g2s699 4
c2g2s700 3
c2g2s701 3
c2g2s702 4
c2g2s703 3
c2g2s704 4
c2g2s705 2
c2g2s706 4
c2g2s707 2
c2g2s708 3
c2g2s709 2
c2g2s710 2
c2g2s711 3
c2g2s712 4
c2g2s713 3
c2g2s714 3
c2g2s715 4
c2g2s716 2
c2g2s717 3
c2g2s718 4
c2g2s719 3
c2g2s720 3
c2g2s721 2
c2g2s722 2
c2g2s723 3
c2g2s724 3
c2g2s725 2
c2g2s726 3
c2g2s727 3
c2g2s728 4
c2g2s729 2
c2g2s730 2
c2g2s731 3
c2g2s732 2
c2g2s733 2
c2g2s734 2
c2g2s735 4
c2g2s736 4
c2g2s737 2
c2g2s738 2
c2g2s739 4
c2g2s740 2
c2g2s741 2
c2g2s742 4
c2g2s743 2
c2g2s744 3
c2g2s745 4
c2g2s746 2
c2g2s747 2
c2g2s748 3
c2g2s749 2
c2g2s750 3
c2g2s751 3
c2g2s752 3
c2g2s753 3
c2g2s754 3
c2g2s755 2
c2g2s756 3
c2g2s757 4
c2g2s758 4
c2g2s759 2
c2g2s760 4
c2g2s761 4
c2g2s762 3
c2g2s763 2
c2g2s764 2
c2g2s765 3
c2g2s766 2
c2g2s767 4
c2g2s768 4
c2g2s769 3
c2g2s770 3
c2g2s771 2
c2g2s772 2
c2g2s773 4
c2g2s774 2
c2g2s775 4
c2g2s776 2
c2g2s777 3
c2g2s778 4
c2g2s779 2
c2g2s780 4
c2g2s781 4
c2g2s782 3
c2g2s783 4
c2g2s784 2
c2g2s785 3
c2g2s786 3
c2g2s787 2
c2g2s788 3
c2g2s789 3
c2g2s790 2
c2g2s791 3
c2g2s792 2
c2g2s793 2
c2g2s794 2
c2g2s795 4
c2g2s796 4
c2g2s797 4
c2g2s798 3
c2g2s799 2
c2g2s800 3
c2g2s801 2
c2g2s802 2
c2g2s803 3
c2g2s804 4
c2g2s805 2
c2g2s806 3
c2g2s807 3
c2g2s808 2
c2g2s809 2
c2g2s810 4
c2g2s811 3
c2g2s812 3
c2g2s813 4
c2g2s814 2
c2g2s815 3
c2g2s816 4
c2g2s817 4
c2g2s818 2
c2g2s819 4
c2g2s820 4
c2g2s821 4
c2g2s822 4
c2g2s823 2
c2g2s824 3
c2g2s825 3
c2g2s826 3
c2g2s827 3
c2g2s828 3
c2g2s829 4
c2g2s830 2
c2g2s831 3
c2g2s832 4
c2g2s833 2
c2g2s834 3
c2g2s835 4
c2g2s836 2
c2g2s837 2
c2g2s838 3
c2g2s839 2
c2g2s840 2
c2g2s841 3
c2g2s842 3
c2g2s843 4
c2g2s844 2
c2g2s845 2
c2g2s846 2
c2g2s847 2
c2g2s848 2
c2g2s849 3
c2g2s850 3
c2g2s851 4
c2g2s852 4
c2g2s853 2
c2g2s854 2
c2g2s855 2
c2g2s856 3
c2g2s857 3
c2g2s858 2
c2g2s859 2
c2g2s860 3
c2g2s861 3
c2g2s862 2
c2g2s863 4
c2g2s864 4
c2g2s865 2
c2g2s866 3
c2g2s867 3
c2g2s868 3
c2g2s869 4
c2g2s870 2
c2g2s871 4
c2g2s872 2
c2g2s873 3
c2g2s874 3
c2g2s875 4
c2g2s876 2
c2g2s877 2
c2g2s878 4
c2g2s879 2
c2g2s880 2
c2g2s881 2
c2g2s882 2
c2g2s883 2
c2g2s884 2
c2g2s885 2
c2g2s886 4
c2g2s887 3
c2g2s888 3
c2g2s889 2
c2g2s890 3
c2g2s891 3
c2g2s892 2
c2g2s893 2
c2g2s894 3
c2g2s895 3
c2g2s896 4
c2g2s897 2
c2g2s898 4
c2g2s899 3
c2g2s900 4
c2g2s901 2
c2g2s902 2
c2g2s903 3
c2g2s904 3
c2g2s905 2
c2g2s906 3
c2g2s907 4
c2g2s908 4
c2g2s909 4
c2g2s910 2
c2g2s911 4
c2g2s912 3
c2g2s913 2
c2g2s914 2
c2g2s915 3
c2g2s916 2
c2g2s917 3
c2g2s918 2
c2g2s919 4
c2g2s920 3
c2g2s921 4
c2g2s922 2
c2g2s923 2
c2g2s924 3
c2g2s925 2
c2g2s926 3
c2g2s927 2
c2g2s928 2
c2g2s929 4
c2g2s930 2
c2g2s931 3
c2g2s932 3
c2g2s933 3
c2g2s934 3
c2g2s935 4
c2g2s936 4
c2g2s937 2
c2g2s938 2
c2g2s939 3
c2g2s940 4
c2g2s941 3
c2g2s942 2
c2g2s943 3
c2g2s944 3
c2g2s945 3
c2g2s946 2
c2g2s947 4
c2g2s948 4
c2g2s949 3
c2g2s950 2
c2g2s951 2
c2g2s952 3
c2g2s953 3
c2g2s954 2
c2g2s955 2
c2g2s956 4
c2g2s957 4
c2g2s958 4
c2g2s959 2
c2g2s960 3
c2g2s961 2
c2g2s962 2
c2g2s963 3
c2g2s964 2
c2g2s965 4
c2g2s966 2
c2g2s967 2
c2g2s968 2
c2g2s969 4
c2g2s970 4
c2g2s971 2
c2g2s972 2
c2g2s973 2
c2g2s974 4
c2g2s975 4
c2g2s976 2
c2g2s977 2
c2g2s978 3
c2g2s979 3
c2g2s980 3
c2g2s981 4
c2g2s982 3
c2g2s983 3
c2g2s984 3
c2g2s985 2
c2g2s986 3
c2g2s987 4
c2g2s988 2
c2g2s989 4
c2g2s990 2
c2g2s991 2
c2g2s992 4
c2g2s993 3
c2g2s994 3
c2g2s995 2
c2g2s996 2
c2g2s997 2
c2g2s998 4
c2g2s999 4
